[debug] [2025-04-24T22:39:19.945Z] ----------------------------------------------------------------------
[debug] [2025-04-24T22:39:19.947Z] Command:       C:\Program Files\nodejs\node.exe C:\Users\Evant\AppData\Roaming\npm\node_modules\firebase-tools\lib\bin\firebase.js serve
[debug] [2025-04-24T22:39:19.947Z] CLI Version:   14.2.1
[debug] [2025-04-24T22:39:19.947Z] Platform:      win32
[debug] [2025-04-24T22:39:19.947Z] Node Version:  v22.14.0
[debug] [2025-04-24T22:39:19.947Z] Time:          Thu Apr 24 2025 18:39:19 GMT-0400 (Eastern Daylight Time)
[debug] [2025-04-24T22:39:19.947Z] ----------------------------------------------------------------------
[debug] 
[debug] [2025-04-24T22:39:20.110Z] > command requires scopes: ["email","openid","https://www.googleapis.com/auth/cloudplatformprojects.readonly","https://www.googleapis.com/auth/firebase","https://www.googleapis.com/auth/cloud-platform"]
[debug] [2025-04-24T22:39:20.110Z] > authorizing via signed-in user (littlesharkvr@gmail.com)
[debug] [2025-04-24T22:39:20.111Z] [iam] checking project lunarajsonstore for permissions ["firebase.projects.get"]
[debug] [2025-04-24T22:39:20.111Z] Checked if tokens are valid: true, expires at: 1745537314489
[debug] [2025-04-24T22:39:20.111Z] Checked if tokens are valid: true, expires at: 1745537314489
[debug] [2025-04-24T22:39:20.112Z] >>> [apiv2][query] POST https://cloudresourcemanager.googleapis.com/v1/projects/lunarajsonstore:testIamPermissions [none]
[debug] [2025-04-24T22:39:20.112Z] >>> [apiv2][(partial)header] POST https://cloudresourcemanager.googleapis.com/v1/projects/lunarajsonstore:testIamPermissions x-goog-quota-user=projects/lunarajsonstore
[debug] [2025-04-24T22:39:20.112Z] >>> [apiv2][body] POST https://cloudresourcemanager.googleapis.com/v1/projects/lunarajsonstore:testIamPermissions {"permissions":["firebase.projects.get"]}
[debug] [2025-04-24T22:39:20.414Z] <<< [apiv2][status] POST https://cloudresourcemanager.googleapis.com/v1/projects/lunarajsonstore:testIamPermissions 200
[debug] [2025-04-24T22:39:20.414Z] <<< [apiv2][body] POST https://cloudresourcemanager.googleapis.com/v1/projects/lunarajsonstore:testIamPermissions {"permissions":["firebase.projects.get"]}
[debug] [2025-04-24T22:39:20.414Z] Checked if tokens are valid: true, expires at: 1745537314489
[debug] [2025-04-24T22:39:20.414Z] Checked if tokens are valid: true, expires at: 1745537314489
[debug] [2025-04-24T22:39:20.414Z] >>> [apiv2][query] GET https://cloudresourcemanager.googleapis.com/v1/projects/lunarajsonstore [none]
[debug] [2025-04-24T22:39:20.514Z] <<< [apiv2][status] GET https://cloudresourcemanager.googleapis.com/v1/projects/lunarajsonstore 200
[debug] [2025-04-24T22:39:20.514Z] <<< [apiv2][body] GET https://cloudresourcemanager.googleapis.com/v1/projects/lunarajsonstore {"projectNumber":"321249462989","projectId":"lunarajsonstore","lifecycleState":"ACTIVE","name":"lunarajsonstore","labels":{"firebase":"enabled","firebase-core":"disabled"},"createTime":"2025-04-24T22:24:01.982131Z"}
[info] 
[info] === Serving from 'C:\Users\Evant\New folder'...
[info] 
[debug] [2025-04-24T22:39:20.517Z] Checked if tokens are valid: true, expires at: 1745537314489
[debug] [2025-04-24T22:39:20.517Z] Checked if tokens are valid: true, expires at: 1745537314489
[debug] [2025-04-24T22:39:20.517Z] >>> [apiv2][query] GET https://firebasehosting.googleapis.com/v1beta1/projects/lunarajsonstore/sites 
[debug] [2025-04-24T22:39:21.364Z] <<< [apiv2][status] GET https://firebasehosting.googleapis.com/v1beta1/projects/lunarajsonstore/sites 200
[debug] [2025-04-24T22:39:21.364Z] <<< [apiv2][body] GET https://firebasehosting.googleapis.com/v1beta1/projects/lunarajsonstore/sites {"sites":[{"name":"projects/lunarajsonstore/sites/lunarajsonstore","defaultUrl":"https://lunarajsonstore.web.app","type":"DEFAULT_SITE"}]}
[debug] [2025-04-24T22:39:21.364Z] Checked if tokens are valid: true, expires at: 1745537314489
[debug] [2025-04-24T22:39:21.364Z] Checked if tokens are valid: true, expires at: 1745537314489
[debug] [2025-04-24T22:39:21.365Z] >>> [apiv2][query] GET https://firebase.googleapis.com/v1beta1/projects/lunarajsonstore/webApps/-/config [none]
[debug] [2025-04-24T22:39:21.944Z] <<< [apiv2][status] GET https://firebase.googleapis.com/v1beta1/projects/lunarajsonstore/webApps/-/config 200
[debug] [2025-04-24T22:39:21.944Z] <<< [apiv2][body] GET https://firebase.googleapis.com/v1beta1/projects/lunarajsonstore/webApps/-/config {"projectId":"lunarajsonstore","storageBucket":"lunarajsonstore.firebasestorage.app","apiKey":"AIzaSyDlF7iwtlgfBpSwdPePoeFNm-MT0lrhItA","authDomain":"lunarajsonstore.firebaseapp.com","messagingSenderId":"321249462989"}
[debug] [2025-04-24T22:39:21.948Z] Checked if tokens are valid: true, expires at: 1745537314489
[debug] [2025-04-24T22:39:21.948Z] Checked if tokens are valid: true, expires at: 1745537314489
[debug] [2025-04-24T22:39:21.948Z] >>> [apiv2][query] GET https://firebase.googleapis.com/v1beta1/projects/lunarajsonstore [none]
[debug] [2025-04-24T22:39:22.201Z] <<< [apiv2][status] GET https://firebase.googleapis.com/v1beta1/projects/lunarajsonstore 200
[debug] [2025-04-24T22:39:22.201Z] <<< [apiv2][body] GET https://firebase.googleapis.com/v1beta1/projects/lunarajsonstore {"projectId":"lunarajsonstore","projectNumber":"321249462989","displayName":"lunarajsonstore","name":"projects/lunarajsonstore","resources":{"hostingSite":"lunarajsonstore"},"state":"ACTIVE","etag":"1_878d96c2-7a52-4588-8f6a-277617db4ec2"}
[debug] [2025-04-24T22:39:22.202Z] Specified "public" directory "public" does not exist; Deploy to Hosting site "lunarajsonstore" may fail or be empty.
[info] i  hosting[lunarajsonstore]: Serving hosting files from: public {"metadata":{"emulator":{"name":"hosting"},"message":"Serving hosting files from: \u001b[1mpublic\u001b[22m"}}
[info] +  hosting[lunarajsonstore]: Local server: http://localhost:5000 {"metadata":{"emulator":{"name":"hosting"},"message":"Local server: \u001b[4m\u001b[1mhttp://localhost:5000\u001b[22m\u001b[24m"}}
[info] i  hosting: ::1 - - [24/Apr/2025:22:39:26 +0000] "GET / HTTP/1.1" 404 139 "-" "Mozilla/5.0 (Windows NT 10.0; Win64; x64) AppleWebKit/537.36 (KHTML, like Gecko) Chrome/135.0.0.0 Safari/537.36" {"metadata":{"emulator":{"name":"hosting"},"message":"::1 - - [24/Apr/2025:22:39:26 +0000] \"GET / HTTP/1.1\" 404 139 \"-\" \"Mozilla/5.0 (Windows NT 10.0; Win64; x64) AppleWebKit/537.36 (KHTML, like Gecko) Chrome/135.0.0.0 Safari/537.36\""}}
